<?xml version="1.0" encoding="UTF-8" standalone="yes" ?>
<test-results name="C:\Users\vijes\OneDrive\Documents\Medical-Objects\Assignment\Win32\Release\TestBankOperations.exe" total="9" errors="0" failures="0" ignored="0" inconclusive="0" not-run="0" skipped="0" invalid="0" date="2022-08-23" time="9.434">
  <culture-info current-culture="en" current-uiculture="en" />
  <test-suite type="Assembly" name="TestBankOperations.exe" executed="true" result="Success" success="True" time="9.434" asserts="0">
    <results>
        <test-suite type="Namespace" name="uTestBankOperations" executed="true" result="Success" success="True" time="9.434" asserts="0" >
          <results>
              <test-suite type="Fixture" name="TMyTestObject" executed="True" result="Success" success="True" time="9.434" >
                <results>
                  <test-case name="TestCreateAccountException" executed="True" result="Success" success="True" time="3.341" asserts="0" />
                  <test-case name="TestCreateAccount" executed="True" result="Success" success="True" time="0.000" asserts="0" />
                  <test-case name="TestDepositException" executed="True" result="Success" success="True" time="3.016" asserts="0" />
                  <test-case name="TestDeposit" executed="True" result="Success" success="True" time="0.000" asserts="0" />
                  <test-case name="TestWithdrawException" executed="True" result="Success" success="True" time="1.674" asserts="0" />
                  <test-case name="TestWithdraw" executed="True" result="Success" success="True" time="0.000" asserts="0" />
                  <test-case name="TestMiniStatementException" executed="True" result="Success" success="True" time="0.480" asserts="0" />
                  <test-case name="TestMiniStatement" executed="True" result="Success" success="True" time="0.000" asserts="0" />
                  <test-case name="TestFiveAccountsWithMultipleTransactions" executed="True" result="Success" success="True" time="0.000" asserts="0" />
                </results>
              </test-suite>
          </results>
        </test-suite>
    </results>
  </test-suite>
</test-results>
